

<!DOCTYPE html>
<html>
<head>
<meta charset="UTF-8">
<meta name="viewport" content="width=device-width, initial-scale=1, shrink-to-fit=no">
<title>Extent Report</title>
<link rel="apple-touch-icon" href="https://cdn.jsdelivr.net/gh/extent-framework/extent-github-cdn@b00a2d0486596e73dd7326beacf352c639623a0e/commons/img/logo.png">
<link rel="shortcut icon" href="https://cdn.jsdelivr.net/gh/extent-framework/extent-github-cdn@b00a2d0486596e73dd7326beacf352c639623a0e/commons/img/logo.png">
<link href="https://cdn.jsdelivr.net/gh/extent-framework/extent-github-cdn@d6562a79075e061305ccfdb82f01e5e195e2d307/spark/css/spark-style.css" rel="stylesheet" />
<link href="https://stackpath.bootstrapcdn.com/font-awesome/4.7.0/css/font-awesome.min.css" rel="stylesheet">
<script src="https://cdn.jsdelivr.net/gh/extent-framework/extent-github-cdn@7cc78ce/spark/js/jsontree.js"></script>
<style type="text/css"></style></head><body class="spa bdd-report dark">
  <div class="app">
    <div class="layout">
<div class="header navbar">
<div class="vheader">
<div class="nav-logo">
<a href="#">
<div class="logo" style="background-image: url('https://cdn.jsdelivr.net/gh/extent-framework/extent-github-cdn@b00a2d0486596e73dd7326beacf352c639623a0e/commons/img/logo.png')"></div>
</a>
</div>
<ul class="nav-left">
<li class="search-box">
<a class="search-toggle" href="#">
<i class="search-icon fa fa-search"></i>
<i class="search-icon-close fa fa-close"></i>
</a>
</li>
<li class="search-input"><input id="search-tests" class="form-control" type="text" placeholder="Search..."></li>
</ul>
<ul class="nav-right">
<li class="m-r-10">
<a href="#"><span class="badge badge-primary">Nopcommerce Report</span></a>
</li>
<li class="m-r-10">
<a href="#"><span class="badge badge-primary">Dec 17, 2023 11:41:01 pm</span></a>
</li>
</ul>
</div>
</div><div class="side-nav">
<div class="side-nav-inner">
<ul class="side-nav-menu">
<li class="nav-item dropdown" onclick="toggleView('dashboard-view')">
<a id="nav-dashboard" class="dropdown-toggle" href="#">
<span class="ico"><i class="fa fa-bar-chart"></i></span>
</a>
</li>
<li class="nav-item dropdown" onclick="toggleView('test-view')">
<a id="nav-test" class="dropdown-toggle" href="#">
<span class="ico"><i class="fa fa-list"></i></span>
</a>
</li>
<li class="nav-item dropdown" onclick="toggleView('category-view')">
<a id="nav-category" class="dropdown-toggle" href="#">
<span class="ico"><i class="fa fa-tag"></i></span>
</a>
</li>
<li class="nav-item dropdown" onclick="toggleView('exception-view')">
<a id="nav-exception" class="dropdown-toggle" href="#">
<span class="ico"><i class="fa fa-bug"></i></span>
</a>
</li>
</ul>
</div>
</div>      <div class="vcontainer">
        <div class="main-content">
<div class="container-fluid p-4 view dashboard-view">
<div class="row">
<div class="col-md-3">
<div class="card"><div class="card-body">
<p class="m-b-0">Started</p>
<h3>Dec 17, 2023 11:41:01 pm</h3>
</div></div>
</div>
<div class="col-md-3">
<div class="card"><div class="card-body">
<p class="m-b-0">Ended</p>
<h3>Dec 17, 2023 11:43:40 pm</h3>
</div></div>
</div>
<div class="col-md-3">
<div class="card"><div class="card-body">
<p class="m-b-0 text-pass">Features Passed</p>
<h3>1</h3>
</div></div>
</div>
<div class="col-md-3">
<div class="card"><div class="card-body">
<p class="m-b-0 text-fail">Features Failed</p>
<h3>1</h3>
</div></div>
</div>
</div>
<div class="row">
<div class="col-md-4">
<div class="card">
<div class="card-header">
<h6 class="card-title">Features</h6>
</div>
<div class="card-body">
<div class="">
<canvas id='parent-analysis' width='115' height='90'></canvas>
</div>
</div>
<div class="card-footer">
<div><small data-tooltip='50%'>
<b>1</b> features passed
</small>
</div>
<div>
<small data-tooltip='50%'><b>1</b> features failed,
<b>0</b> skipped, <b data-tooltip='0%'>0</b> others
</small>
</div>
</div>
</div>
</div>
<div class="col-md-4">
<div class="card">
<div class="card-header">
<h6 class="card-title">Scenarios</h6>
</div>
<div class="card-body">
<div class="">
<canvas id='child-analysis' width='115' height='90'></canvas>
</div>
</div>
<div class="card-footer">
<div><small data-tooltip='58%'><b>7</b> scenarios passed</small></div>
<div>
<small data-tooltip='41%'><b>5</b> scenarios failed,
<b>0</b> skipped, <b data-tooltip='%'>0</b> others
</small>
</div>
</div>
</div>
</div>
<div class="col-md-4">
<div class="card">
<div class="card-header">
<h6 class="card-title">Steps</h6>
</div>
<div class="card-body">
<div class="">
<canvas id='grandchild-analysis' width='115' height='90'></canvas>
</div>
</div>
<div class="card-footer">
<div><small data-tooltip='84%'><b>93</b> steps passed</small></div>
<div>
<small data-tooltip='8%'><b>9</b> steps failed,
<b>8</b> skipped, <b data-tooltip='%'>0</b> others
</small>
</div>
</div>
</div>
</div>
</div>
<div class="row"><div class="col-md-12">
<div class="card"><div class="card-header"><p>Timeline</p></div>
<div class="card-body pt-0"><div>
<canvas id="timeline" height="120"></canvas>
</div></div>
</div>
</div></div>
<script>
var timeline = {
"Login Future Test":44.003,"User Feature Test":112.743
};
</script>
<div class="row">
<div class="col-lg-6 col-md-12 category-container">
<div class="card">
<div class="card-header"><p>Tags</p></div>
<div class="card-body pb-0 pt-0"><table class="table table-sm table-bordered">
<thead><tr class="bg-gray"><th>Name</th><th>Passed</th><th>Failed</th><th>Skipped</th><th>Others</th><th>Passed %</th></tr></thead><tbody>
<tr>
<td>@sanity</td>
<td>1</td>
<td>1</td>
<td>0</td>
<td>0</td>
<td>50%</td>
</tr>
<tr>
<td>@author_Hiren_Italia</td>
<td>7</td>
<td>5</td>
<td>0</td>
<td>0</td>
<td>58.333%</td>
</tr>
<tr>
<td>@regression</td>
<td>7</td>
<td>5</td>
<td>0</td>
<td>0</td>
<td>58.333%</td>
</tr>
<tr>
<td>@smoke</td>
<td>2</td>
<td>2</td>
<td>0</td>
<td>0</td>
<td>50%</td>
</tr>
</tbody>
</table></div>
</div>
</div>
<div class="col-lg-6 col-md-12 sysenv-container">
<div class="card">
<div class="card-header"><p>System/Environment</p></div>
<div class="card-body pb-0 pt-0"><table class="table table-sm table-bordered">
<thead><tr class="bg-gray"><th>Name</th><th>Value</th></tr></thead>
<tbody>
<tr>
<td>Engineer</td>
<td>Hiren Italia</td>
</tr>
<tr>
<td>Project</td>
<td>Orange HRM</td>
</tr>
<tr>
<td>os</td>
<td>Windows</td>
</tr>
</tbody>
</table></div>
</div>
</div>
</div>
</div>
<script>
var statusGroup = {
parentCount: 5,
passParent: 1,
failParent: 1,
warningParent: 0,
skipParent: 0,
childCount: 5,
passChild: 7,
failChild: 5,
warningChild: 0,
skipChild: 0,
infoChild: 0,
grandChildCount: 5,
passGrandChild: 93,
failGrandChild: 9,
warningGrandChild: 0,
skipGrandChild: 8,
infoGrandChild: 0,
eventsCount: 5,
};
</script><div class="test-wrapper row view test-view">
  <div class="test-list">
    <div class="test-list-tools">
<ul class="tools pull-left">
<li><a href="#"><span class="font-size-14">Tests</span></a></li>
</ul>
<ul class="tools text-right">
<li class="dropdown">
<a href="#" class="dropdown-toggle" data-toggle="dropdown"><i class="fa fa-exclamation-circle"></i></a>
<ul id="status-toggle" class="dropdown-menu dropdown-md p-v-0">
<a class="dropdown-item" status="pass" href="#"><span>Pass</span><span class="status success"></span></a>
<a class="dropdown-item" status="fail" href="#"><span>Fail</span><span class="status danger"></span></a>
<div class="dropdown-divider"></div>
<a status="clear" class="dropdown-item" href="#"><span>Clear</span><span class="pull-right"><i class="fa fa-close"></i></span></a>
</ul>
</li>
<li class="dropdown">
<a href="#" class="dropdown-toggle" data-toggle="dropdown"><i class="fa fa-tag"></i></a>
<ul id="tag-toggle" class="dropdown-menu dropdown-md p-v-0">
<a class="dropdown-item" href="#">@sanity</a><a class="dropdown-item" href="#">@author_Hiren_Italia</a><a class="dropdown-item" href="#">@regression</a><a class="dropdown-item" href="#">@smoke</a>
</ul>
</li>
</ul>
</div>    <div class="test-list-wrapper scrollable">
      <ul class="test-list-item">
        <li class="test-item"  status="pass" test-id="1"
          author=""
          tag=""
          device="">
          <div class="test-detail">
            <p class="name">Login Future Test</p>
            <p class="text-sm">
              <span>23:41:03</span> / <span>00:00:44:003</span>
              <span class="badge pass-bg log float-right">Pass</span>
            </p>
          </div>
          <div class="test-contents d-none">
<div class="detail-head">
<div class="p-v-10">
<div class="info">
<h5 class="test-status text-pass">Login Future Test</h5>
<span class='badge badge-success'>12.17.2023 23:41:03</span>
<span class='badge badge-danger'>12.17.2023 23:41:47</span>
<span class='badge badge-default'>00:00:44:003</span>
&middot; <span class='uri-anchor badge badge-default'>#test-id=1</span>
<span class='badge badge-default pointer float-right ml-1 et'><i class="fa fa-chevron-down"></i></span>
<span class='badge badge-default pointer float-right ct'><i class="fa fa-chevron-up"></i></span>
</div>
<div class="m-t-10 m-l-5"> As a user
I should login successfully with valid username and password
I should see the Logo on homepage
I should logout successfully
I should get error message when logged in with invalid credentials</div>
</div>
</div>
<div class="accordion mt-4">
  <div class="card">
    <div class="card-header" role="tab">
      <div class="card-title">
        <div class="node" id="2"><span class="badge log pass-bg mr-2">Pass</span>User should log in successfully with valid credentials</div>
      </div>
    </div>
        <div class="collapse">
          <div class="card-body">
              <div class="step pass-bg" title="com.orangehrmlive.demo.steps.LoginSteps.iAmOnLoginPage()">
                <span>Given I am on login page</span>
      <div>
      </div>
              </div>
              <div class="step pass-bg" title="com.orangehrmlive.demo.steps.LoginSteps.iEnterUsername(java.lang.String)">
                <span>When I enter username "Admin"</span>
      <div>
      </div>
              </div>
              <div class="step pass-bg" title="com.orangehrmlive.demo.steps.LoginSteps.iEnterPassword(java.lang.String)">
                <span>And I enter password "admin123"</span>
      <div>
      </div>
              </div>
              <div class="step pass-bg" title="com.orangehrmlive.demo.steps.LoginSteps.iClickOnLoginButton()">
                <span>And I click on login button</span>
      <div>
      </div>
              </div>
              <div class="step pass-bg" title="com.orangehrmlive.demo.steps.LoginSteps.iShouldLoginSuccessfullyAndVerifyTheText(java.lang.String)">
                <span>Then I should login successfully and verify the text "Dashboard"</span>
      <div>
      </div>
              </div>
          </div>
        </div>
  </div>
  <div class="card">
    <div class="card-header" role="tab">
      <div class="card-title">
        <div class="node" id="10"><span class="badge log pass-bg mr-2">Pass</span>User should see the OrangeHRM logo on the Homepage</div>
      </div>
    </div>
        <div class="collapse">
          <div class="card-body">
              <div class="step pass-bg" title="com.orangehrmlive.demo.steps.LoginSteps.iAmOnLoginPage()">
                <span>Given I am on login page</span>
      <div>
      </div>
              </div>
              <div class="step pass-bg" title="com.orangehrmlive.demo.steps.LoginSteps.iEnterUsername(java.lang.String)">
                <span>When I enter username "Admin"</span>
      <div>
      </div>
              </div>
              <div class="step pass-bg" title="com.orangehrmlive.demo.steps.LoginSteps.iEnterPassword(java.lang.String)">
                <span>And I enter password "admin123"</span>
      <div>
      </div>
              </div>
              <div class="step pass-bg" title="com.orangehrmlive.demo.steps.LoginSteps.iClickOnLoginButton()">
                <span>And I click on login button</span>
      <div>
      </div>
              </div>
              <div class="step pass-bg" title="com.orangehrmlive.demo.steps.LoginSteps.iShouldSeeTheOrangeHRMLogo()">
                <span>Then I should see the OrangeHRM logo</span>
      <div>
      </div>
              </div>
          </div>
        </div>
  </div>
  <div class="card">
    <div class="card-header" role="tab">
      <div class="card-title">
        <div class="node" id="18"><span class="badge log pass-bg mr-2">Pass</span>User should logout successfully</div>
      </div>
    </div>
        <div class="collapse">
          <div class="card-body">
              <div class="step pass-bg" title="com.orangehrmlive.demo.steps.LoginSteps.iAmOnLoginPage()">
                <span>Given I am on login page</span>
      <div>
      </div>
              </div>
              <div class="step pass-bg" title="com.orangehrmlive.demo.steps.LoginSteps.iEnterUsername(java.lang.String)">
                <span>When I enter username "Admin"</span>
      <div>
      </div>
              </div>
              <div class="step pass-bg" title="com.orangehrmlive.demo.steps.LoginSteps.iEnterPassword(java.lang.String)">
                <span>And I enter password "admin123"</span>
      <div>
      </div>
              </div>
              <div class="step pass-bg" title="com.orangehrmlive.demo.steps.LoginSteps.iClickOnLoginButton()">
                <span>And I click on login button</span>
      <div>
      </div>
              </div>
              <div class="step pass-bg" title="com.orangehrmlive.demo.steps.LoginSteps.iClickOnUserProfileLogo()">
                <span>And I click on user profile logo</span>
      <div>
      </div>
              </div>
              <div class="step pass-bg" title="com.orangehrmlive.demo.steps.LoginSteps.iMouseHoverAndClickOnLogout()">
                <span>And I mouse hover and click on Logout</span>
      <div>
      </div>
              </div>
              <div class="step pass-bg" title="com.orangehrmlive.demo.steps.LoginSteps.iShouldNavigateToLoginPageAndVerifyText(java.lang.String)">
                <span>Then I should navigate to login page and verify "Login" text</span>
      <div>
      </div>
              </div>
          </div>
        </div>
  </div>
  <div class="card">
    <div class="card-header" role="tab">
      <div class="card-title">
        <div class="node" id="28"><span class="badge log pass-bg mr-2">Pass</span>: User should get error message with invalid credentials</div>
      </div>
    </div>
        <div class="scenario_outline collapse">
            <div class="card-body l1">
              <div class="card-header">
                <div class="card-title outline-child">
                  <div class="node" id="29"><span class="badge log pass-bg mr-2">Pass</span>: User should get error message with invalid credentials</div>
                </div>
              </div>
              <div class="card-body mt-3 collapse">
                  <div class="step pass-bg">
                    <span>Given I am on login page</span>
      <div>
      </div>
                  </div>
                  <div class="step pass-bg">
                    <span>When I enter username ""</span>
      <div>
      </div>
                  </div>
                  <div class="step pass-bg">
                    <span>And I enter password ""</span>
      <div>
      </div>
                  </div>
                  <div class="step pass-bg">
                    <span>And I click on login button</span>
      <div>
      </div>
                  </div>
                  <div class="step pass-bg">
                    <span>Then I should get error message "Required" depends on username "" and password ""</span>
      <div>
      </div>
                  </div>
              </div>
            </div>
            <div class="card-body l1">
              <div class="card-header">
                <div class="card-title outline-child">
                  <div class="node" id="37"><span class="badge log pass-bg mr-2">Pass</span>: User should get error message with invalid credentials</div>
                </div>
              </div>
              <div class="card-body mt-3 collapse">
                  <div class="step pass-bg">
                    <span>Given I am on login page</span>
      <div>
      </div>
                  </div>
                  <div class="step pass-bg">
                    <span>When I enter username "test123@gmail.com"</span>
      <div>
      </div>
                  </div>
                  <div class="step pass-bg">
                    <span>And I enter password ""</span>
      <div>
      </div>
                  </div>
                  <div class="step pass-bg">
                    <span>And I click on login button</span>
      <div>
      </div>
                  </div>
                  <div class="step pass-bg">
                    <span>Then I should get error message "Required" depends on username "test123@gmail.com" and password ""</span>
      <div>
      </div>
                  </div>
              </div>
            </div>
            <div class="card-body l1">
              <div class="card-header">
                <div class="card-title outline-child">
                  <div class="node" id="45"><span class="badge log pass-bg mr-2">Pass</span>: User should get error message with invalid credentials</div>
                </div>
              </div>
              <div class="card-body mt-3 collapse">
                  <div class="step pass-bg">
                    <span>Given I am on login page</span>
      <div>
      </div>
                  </div>
                  <div class="step pass-bg">
                    <span>When I enter username ""</span>
      <div>
      </div>
                  </div>
                  <div class="step pass-bg">
                    <span>And I enter password "test123"</span>
      <div>
      </div>
                  </div>
                  <div class="step pass-bg">
                    <span>And I click on login button</span>
      <div>
      </div>
                  </div>
                  <div class="step pass-bg">
                    <span>Then I should get error message "Required" depends on username "" and password "test123"</span>
      <div>
      </div>
                  </div>
              </div>
            </div>
            <div class="card-body l1">
              <div class="card-header">
                <div class="card-title outline-child">
                  <div class="node" id="53"><span class="badge log pass-bg mr-2">Pass</span>: User should get error message with invalid credentials</div>
                </div>
              </div>
              <div class="card-body mt-3 collapse">
                  <div class="step pass-bg">
                    <span>Given I am on login page</span>
      <div>
      </div>
                  </div>
                  <div class="step pass-bg">
                    <span>When I enter username "test123@gmail.com"</span>
      <div>
      </div>
                  </div>
                  <div class="step pass-bg">
                    <span>And I enter password "test123"</span>
      <div>
      </div>
                  </div>
                  <div class="step pass-bg">
                    <span>And I click on login button</span>
      <div>
      </div>
                  </div>
                  <div class="step pass-bg">
                    <span>Then I should get error message "Invalid credentials" depends on username "test123@gmail.com" and password "test123"</span>
      <div>
      </div>
                  </div>
              </div>
            </div>
        </div>
  </div>
</div>
          </div>
        </li>
        <li class="test-item"  status="fail" test-id="61"
          author=""
          tag=""
          device="">
          <div class="test-detail">
            <p class="name">User Feature Test</p>
            <p class="text-sm">
              <span>23:41:47</span> / <span>00:01:52:743</span>
              <span class="badge fail-bg log float-right">Fail</span>
            </p>
          </div>
          <div class="test-contents d-none">
<div class="detail-head">
<div class="p-v-10">
<div class="info">
<h5 class="test-status text-fail">User Feature Test</h5>
<span class='badge badge-success'>12.17.2023 23:41:47</span>
<span class='badge badge-danger'>12.17.2023 23:43:40</span>
<span class='badge badge-default'>00:01:52:743</span>
&middot; <span class='uri-anchor badge badge-default'>#test-id=61</span>
<span class='badge badge-default pointer float-right ml-1 et'><i class="fa fa-chevron-down"></i></span>
<span class='badge badge-default pointer float-right ct'><i class="fa fa-chevron-up"></i></span>
</div>
<div class="m-t-10 m-l-5"> As a User
I have to add user successfully
I have to verify created user successfully
I have to delete the added user successfully
I have to search for the user and should found unique user</div>
</div>
</div>
<div class="accordion mt-4">
  <div class="card">
    <div class="card-header" role="tab">
      <div class="card-title">
        <div class="node" id="62"><span class="badge log fail-bg mr-2">Fail</span>User should successfully add the new user</div>
          <div class="status-avatar float-right mr-4">
            <i class="fa fa-paperclip"></i>
          </div>
      </div>
    </div>
        <div class="">
          <div class="card-body">
              <div class="step pass-bg" title="com.orangehrmlive.demo.steps.LoginSteps.iAmOnLoginPage()">
                <span>Given I am on login page</span>
      <div>
      </div>
              </div>
              <div class="step pass-bg" title="com.orangehrmlive.demo.steps.LoginSteps.iEnterUsername(java.lang.String)">
                <span>When I enter username "Admin"</span>
      <div>
      </div>
              </div>
              <div class="step pass-bg" title="com.orangehrmlive.demo.steps.LoginSteps.iEnterPassword(java.lang.String)">
                <span>And I enter password "admin123"</span>
      <div>
      </div>
              </div>
              <div class="step pass-bg" title="com.orangehrmlive.demo.steps.LoginSteps.iClickOnLoginButton()">
                <span>And I click on login button</span>
      <div>
      </div>
              </div>
              <div class="step pass-bg" title="com.orangehrmlive.demo.steps.UserTestSteps.iClickOnAdminTab()">
                <span>And I click on Admin tab</span>
      <div>
      </div>
              </div>
              <div class="step pass-bg" title="com.orangehrmlive.demo.steps.UserTestSteps.iShouldSeeTheSystemUsersTextAs(java.lang.String)">
                <span>And I should see the System Users text "System Users"</span>
      <div>
      </div>
              </div>
              <div class="step pass-bg" title="com.orangehrmlive.demo.steps.UserTestSteps.iClickOnAddButton()">
                <span>And I click on Add button</span>
      <div>
      </div>
              </div>
              <div class="step pass-bg" title="com.orangehrmlive.demo.steps.UserTestSteps.iShouldSeeTheAddUserText(java.lang.String)">
                <span>And I should see the Add User text "Add User"</span>
      <div>
      </div>
              </div>
              <div class="step pass-bg" title="com.orangehrmlive.demo.steps.UserTestSteps.iSelectUserRoleAsAdmin()">
                <span>And I select User Role as Admin</span>
      <div>
      </div>
              </div>
              <div class="step pass-bg" title="com.orangehrmlive.demo.steps.UserTestSteps.iEnterEmployeeName(java.lang.String)">
                <span>And I enter Employee Name "Peter Mac Anderson"</span>
      <div>
      </div>
              </div>
              <div class="step pass-bg" title="com.orangehrmlive.demo.steps.UserTestSteps.iEnterUserName(java.lang.String)">
                <span>And I enter User Name "Prime78"</span>
      <div>
      </div>
              </div>
              <div class="step pass-bg" title="com.orangehrmlive.demo.steps.UserTestSteps.iSelectStatusAsDisable()">
                <span>And I select Status as Disable</span>
      <div>
      </div>
              </div>
              <div class="step pass-bg" title="com.orangehrmlive.demo.steps.UserTestSteps.iEnterPassword(java.lang.String)">
                <span>And I enter Password "prime123"</span>
      <div>
      </div>
              </div>
              <div class="step pass-bg" title="com.orangehrmlive.demo.steps.UserTestSteps.iEnterConfirmPassword(java.lang.String)">
                <span>And I enter Confirm Password "prime123"</span>
      <div>
      </div>
              </div>
              <div class="step pass-bg" title="com.orangehrmlive.demo.steps.UserTestSteps.iClickOnSaveButton()">
                <span>And I click on Save button</span>
      <div>
      </div>
              </div>
              <div class="step fail-bg" title="com.orangehrmlive.demo.steps.UserTestSteps.iShouldSeeTheMessage(java.lang.String)">
                <span>Then I should see the message "Successfully Saved"</span>
      <div>
        <textarea disabled class="code-block">org.openqa.selenium.NoSuchElementException: no such element: Unable to locate element: {"method":"xpath","selector":"//p[@class='oxd-text oxd-text--p oxd-text--toast-message oxd-toast-content-text']"}
  (Session info: chrome=120.0.6099.109)
For documentation on this error, please visit: https://www.selenium.dev/documentation/webdriver/troubleshooting/errors#no-such-element-exception
Build info: version: '4.15.0', revision: '1d14b5521b'
System info: os.name: 'Windows 10', os.arch: 'amd64', os.version: '10.0', java.version: '17.0.8'
Driver info: org.openqa.selenium.chrome.ChromeDriver
Command: [7e662bde810eda4c80eed8b831c24ac5, findElement {using=xpath, value=//p[@class='oxd-text oxd-text--p oxd-text--toast-message oxd-toast-content-text']}]
Capabilities {acceptInsecureCerts: false, browserName: chrome, browserVersion: 120.0.6099.109, chrome: {chromedriverVersion: 120.0.6099.71 (9729082fe617..., userDataDir: C:\Users\hiren\AppData\Loca...}, fedcm:accounts: true, goog:chromeOptions: {debuggerAddress: localhost:49669}, networkConnectionEnabled: false, pageLoadStrategy: normal, platformName: windows, proxy: Proxy(), se:cdp: ws://localhost:49669/devtoo..., se:cdpVersion: 120.0.6099.109, setWindowRect: true, strictFileInteractability: false, timeouts: {implicit: 0, pageLoad: 300000, script: 30000}, unhandledPromptBehavior: dismiss and notify, webauthn:extension:credBlob: true, webauthn:extension:largeBlob: true, webauthn:extension:minPinLength: true, webauthn:extension:prf: true, webauthn:virtualAuthenticators: true}
Session ID: 7e662bde810eda4c80eed8b831c24ac5
	at java.base/jdk.internal.reflect.NativeConstructorAccessorImpl.newInstance0(Native Method)
	at java.base/jdk.internal.reflect.NativeConstructorAccessorImpl.newInstance(NativeConstructorAccessorImpl.java:77)
	at java.base/jdk.internal.reflect.DelegatingConstructorAccessorImpl.newInstance(DelegatingConstructorAccessorImpl.java:45)
	at java.base/java.lang.reflect.Constructor.newInstanceWithCaller(Constructor.java:499)
	at java.base/java.lang.reflect.Constructor.newInstance(Constructor.java:480)
	at org.openqa.selenium.remote.codec.w3c.W3CHttpResponseCodec.createException(W3CHttpResponseCodec.java:200)
	at org.openqa.selenium.remote.codec.w3c.W3CHttpResponseCodec.decode(W3CHttpResponseCodec.java:133)
	at org.openqa.selenium.remote.codec.w3c.W3CHttpResponseCodec.decode(W3CHttpResponseCodec.java:52)
	at org.openqa.selenium.remote.HttpCommandExecutor.execute(HttpCommandExecutor.java:191)
	at org.openqa.selenium.remote.service.DriverCommandExecutor.invokeExecute(DriverCommandExecutor.java:200)
	at org.openqa.selenium.remote.service.DriverCommandExecutor.execute(DriverCommandExecutor.java:175)
	at org.openqa.selenium.remote.RemoteWebDriver.execute(RemoteWebDriver.java:607)
	at org.openqa.selenium.remote.ElementLocation$ElementFinder$2.findElement(ElementLocation.java:165)
	at org.openqa.selenium.remote.ElementLocation.findElement(ElementLocation.java:59)
	at org.openqa.selenium.remote.RemoteWebDriver.findElement(RemoteWebDriver.java:364)
	at org.openqa.selenium.remote.RemoteWebDriver.findElement(RemoteWebDriver.java:358)
	at org.openqa.selenium.support.pagefactory.DefaultElementLocator.findElement(DefaultElementLocator.java:68)
	at org.openqa.selenium.support.pagefactory.internal.LocatingElementHandler.invoke(LocatingElementHandler.java:38)
	at jdk.proxy2/jdk.proxy2.$Proxy29.getText(Unknown Source)
	at com.orangehrmlive.demo.utility.Utility.getTextFromElement(Utility.java:60)
	at com.orangehrmlive.demo.pages.AddUsersPage.getSuccessfullySavedMessageInAddUser(AddUsersPage.java:141)
	at com.orangehrmlive.demo.steps.UserTestSteps.iShouldSeeTheMessage(UserTestSteps.java:70)
	at ✽.I should see the message "Successfully Saved"(file:///C:/Users/hiren/IdeaProjects/orange-hrm-sw-6/src/test/resources/features/usertest.feature:26)
</textarea>
      
      </div>
              </div>
              <div class="step pass-bg" title="AFTER">
                <span>com.orangehrmlive.demo.steps.Hooks.tearDown(io.cucumber.java.Scenario)</span>
      <div>User should successfully add the new user
          <div class="row mb-3"><div class="col-md-3">
<img data-featherlight='../screenshots/embedded1.png' src="../screenshots/embedded1.png">
    
    </div></div>
</div>
      <div>
      </div>
              </div>
          </div>
        </div>
  </div>
  <div class="card">
    <div class="card-header" role="tab">
      <div class="card-title">
        <div class="node" id="81"><span class="badge log fail-bg mr-2">Fail</span>User created successfully and verify it</div>
      </div>
    </div>
        <div class="">
          <div class="card-body">
              <div class="step pass-bg" title="com.orangehrmlive.demo.steps.LoginSteps.iAmOnLoginPage()">
                <span>Given I am on login page</span>
      <div>
      </div>
              </div>
              <div class="step pass-bg" title="com.orangehrmlive.demo.steps.LoginSteps.iEnterUsername(java.lang.String)">
                <span>When I enter username "Admin"</span>
      <div>
      </div>
              </div>
              <div class="step pass-bg" title="com.orangehrmlive.demo.steps.LoginSteps.iEnterPassword(java.lang.String)">
                <span>And I enter password "admin123"</span>
      <div>
      </div>
              </div>
              <div class="step pass-bg" title="com.orangehrmlive.demo.steps.LoginSteps.iClickOnLoginButton()">
                <span>And I click on login button</span>
      <div>
      </div>
              </div>
              <div class="step pass-bg" title="com.orangehrmlive.demo.steps.UserTestSteps.iClickOnAdminTab()">
                <span>And I click on Admin tab</span>
      <div>
      </div>
              </div>
              <div class="step pass-bg" title="com.orangehrmlive.demo.steps.UserTestSteps.iShouldSeeTheSystemUsersTextAs(java.lang.String)">
                <span>And I should see the System Users text "System Users"</span>
      <div>
      </div>
              </div>
              <div class="step pass-bg" title="com.orangehrmlive.demo.steps.UserTestSteps.iEnterUserNameInSystemUsersPage(java.lang.String)">
                <span>And I enter user name "Prime78" in system users page</span>
      <div>
      </div>
              </div>
              <div class="step pass-bg" title="com.orangehrmlive.demo.steps.UserTestSteps.iSelectUserRoleAsAdminInSystemUsersPage()">
                <span>And I select user role as Admin in system users page</span>
      <div>
      </div>
              </div>
              <div class="step pass-bg" title="com.orangehrmlive.demo.steps.UserTestSteps.iSelectStatusAsDisableInSystemUsersPage()">
                <span>And I select status as disable in system users page</span>
      <div>
      </div>
              </div>
              <div class="step pass-bg" title="com.orangehrmlive.demo.steps.UserTestSteps.iClickOnSearchButton()">
                <span>And I click on search button</span>
      <div>
      </div>
              </div>
              <div class="step fail-bg" title="com.orangehrmlive.demo.steps.UserTestSteps.iShouldVerifyTheUserNameInResultList(java.lang.String)">
                <span>Then I should verify the user name "Prime78" in result list</span>
      <div>
        <textarea disabled class="code-block">org.openqa.selenium.WebDriverException: disconnected: received Inspector.detached event
  (failed to check if window was closed: disconnected: Unable to receive message from renderer)
  (Session info: chrome=120.0.6099.109)
Build info: version: '4.15.0', revision: '1d14b5521b'
System info: os.name: 'Windows 10', os.arch: 'amd64', os.version: '10.0', java.version: '17.0.8'
Driver info: org.openqa.selenium.chrome.ChromeDriver
Command: [2b4ec42d803a17772bad60dd4340add7, findElement {using=xpath, value=(//div[@data-v-6c07a142])[1]}]
Capabilities {acceptInsecureCerts: false, browserName: chrome, browserVersion: 120.0.6099.109, chrome: {chromedriverVersion: 120.0.6099.71 (9729082fe617..., userDataDir: C:\Users\hiren\AppData\Loca...}, fedcm:accounts: true, goog:chromeOptions: {debuggerAddress: localhost:49720}, networkConnectionEnabled: false, pageLoadStrategy: normal, platformName: windows, proxy: Proxy(), se:cdp: ws://localhost:49720/devtoo..., se:cdpVersion: 120.0.6099.109, setWindowRect: true, strictFileInteractability: false, timeouts: {implicit: 0, pageLoad: 300000, script: 30000}, unhandledPromptBehavior: dismiss and notify, webauthn:extension:credBlob: true, webauthn:extension:largeBlob: true, webauthn:extension:minPinLength: true, webauthn:extension:prf: true, webauthn:virtualAuthenticators: true}
Session ID: 2b4ec42d803a17772bad60dd4340add7
	at java.base/jdk.internal.reflect.NativeConstructorAccessorImpl.newInstance0(Native Method)
	at java.base/jdk.internal.reflect.NativeConstructorAccessorImpl.newInstance(NativeConstructorAccessorImpl.java:77)
	at java.base/jdk.internal.reflect.DelegatingConstructorAccessorImpl.newInstance(DelegatingConstructorAccessorImpl.java:45)
	at java.base/java.lang.reflect.Constructor.newInstanceWithCaller(Constructor.java:499)
	at java.base/java.lang.reflect.Constructor.newInstance(Constructor.java:480)
	at org.openqa.selenium.remote.codec.w3c.W3CHttpResponseCodec.createException(W3CHttpResponseCodec.java:200)
	at org.openqa.selenium.remote.codec.w3c.W3CHttpResponseCodec.decode(W3CHttpResponseCodec.java:133)
	at org.openqa.selenium.remote.codec.w3c.W3CHttpResponseCodec.decode(W3CHttpResponseCodec.java:52)
	at org.openqa.selenium.remote.HttpCommandExecutor.execute(HttpCommandExecutor.java:191)
	at org.openqa.selenium.remote.service.DriverCommandExecutor.invokeExecute(DriverCommandExecutor.java:200)
	at org.openqa.selenium.remote.service.DriverCommandExecutor.execute(DriverCommandExecutor.java:175)
	at org.openqa.selenium.remote.RemoteWebDriver.execute(RemoteWebDriver.java:607)
	at org.openqa.selenium.remote.ElementLocation$ElementFinder$2.findElement(ElementLocation.java:165)
	at org.openqa.selenium.remote.ElementLocation.findElement(ElementLocation.java:59)
	at org.openqa.selenium.remote.RemoteWebDriver.findElement(RemoteWebDriver.java:364)
	at org.openqa.selenium.remote.RemoteWebDriver.findElement(RemoteWebDriver.java:358)
	at org.openqa.selenium.support.pagefactory.DefaultElementLocator.findElement(DefaultElementLocator.java:68)
	at org.openqa.selenium.support.pagefactory.internal.LocatingElementHandler.invoke(LocatingElementHandler.java:38)
	at jdk.proxy2/jdk.proxy2.$Proxy29.toString(Unknown Source)
	at com.orangehrmlive.demo.pages.ViewSystemUsersPage.getDataFromUserNameInRecord(ViewSystemUsersPage.java:141)
	at com.orangehrmlive.demo.steps.UserTestSteps.iShouldVerifyTheUserNameInResultList(UserTestSteps.java:97)
	at ✽.I should verify the user name "Prime78" in result list(file:///C:/Users/hiren/IdeaProjects/orange-hrm-sw-6/src/test/resources/features/usertest.feature:40)
</textarea>
      
      </div>
              </div>
              <div class="step fail-bg" title="AFTER">
                <span>com.orangehrmlive.demo.steps.Hooks.tearDown(io.cucumber.java.Scenario)</span>
      <div>
        <textarea disabled class="code-block">org.openqa.selenium.WebDriverException: disconnected: not connected to DevTools
  (failed to check if window was closed: disconnected: not connected to DevTools)
  (Session info: chrome=120.0.6099.109)
Build info: version: '4.15.0', revision: '1d14b5521b'
System info: os.name: 'Windows 10', os.arch: 'amd64', os.version: '10.0', java.version: '17.0.8'
Driver info: org.openqa.selenium.chrome.ChromeDriver
Command: [2b4ec42d803a17772bad60dd4340add7, screenshot {}]
Capabilities {acceptInsecureCerts: false, browserName: chrome, browserVersion: 120.0.6099.109, chrome: {chromedriverVersion: 120.0.6099.71 (9729082fe617..., userDataDir: C:\Users\hiren\AppData\Loca...}, fedcm:accounts: true, goog:chromeOptions: {debuggerAddress: localhost:49720}, networkConnectionEnabled: false, pageLoadStrategy: normal, platformName: windows, proxy: Proxy(), se:cdp: ws://localhost:49720/devtoo..., se:cdpVersion: 120.0.6099.109, setWindowRect: true, strictFileInteractability: false, timeouts: {implicit: 0, pageLoad: 300000, script: 30000}, unhandledPromptBehavior: dismiss and notify, webauthn:extension:credBlob: true, webauthn:extension:largeBlob: true, webauthn:extension:minPinLength: true, webauthn:extension:prf: true, webauthn:virtualAuthenticators: true}
Session ID: 2b4ec42d803a17772bad60dd4340add7
	at java.base/jdk.internal.reflect.NativeConstructorAccessorImpl.newInstance0(Native Method)
	at java.base/jdk.internal.reflect.NativeConstructorAccessorImpl.newInstance(NativeConstructorAccessorImpl.java:77)
	at java.base/jdk.internal.reflect.DelegatingConstructorAccessorImpl.newInstance(DelegatingConstructorAccessorImpl.java:45)
	at java.base/java.lang.reflect.Constructor.newInstanceWithCaller(Constructor.java:499)
	at java.base/java.lang.reflect.Constructor.newInstance(Constructor.java:480)
	at org.openqa.selenium.remote.codec.w3c.W3CHttpResponseCodec.createException(W3CHttpResponseCodec.java:200)
	at org.openqa.selenium.remote.codec.w3c.W3CHttpResponseCodec.decode(W3CHttpResponseCodec.java:133)
	at org.openqa.selenium.remote.codec.w3c.W3CHttpResponseCodec.decode(W3CHttpResponseCodec.java:52)
	at org.openqa.selenium.remote.HttpCommandExecutor.execute(HttpCommandExecutor.java:191)
	at org.openqa.selenium.remote.service.DriverCommandExecutor.invokeExecute(DriverCommandExecutor.java:200)
	at org.openqa.selenium.remote.service.DriverCommandExecutor.execute(DriverCommandExecutor.java:175)
	at org.openqa.selenium.remote.RemoteWebDriver.execute(RemoteWebDriver.java:607)
	at org.openqa.selenium.remote.RemoteWebDriver.execute(RemoteWebDriver.java:680)
	at org.openqa.selenium.remote.RemoteWebDriver.execute(RemoteWebDriver.java:684)
	at org.openqa.selenium.remote.RemoteWebDriver.getScreenshotAs(RemoteWebDriver.java:330)
	at com.orangehrmlive.demo.utility.Utility.getScreenShot(Utility.java:350)
	at com.orangehrmlive.demo.steps.Hooks.tearDown(Hooks.java:19)
</textarea>
      
      </div>
              </div>
          </div>
        </div>
  </div>
  <div class="card">
    <div class="card-header" role="tab">
      <div class="card-title">
        <div class="node" id="95"><span class="badge log fail-bg mr-2">Fail</span>Admin should delete the user successfully</div>
      </div>
    </div>
        <div class="">
          <div class="card-body">
              <div class="step pass-bg" title="com.orangehrmlive.demo.steps.LoginSteps.iAmOnLoginPage()">
                <span>Given I am on login page</span>
      <div>
      </div>
              </div>
              <div class="step pass-bg" title="com.orangehrmlive.demo.steps.LoginSteps.iEnterUsername(java.lang.String)">
                <span>When I enter username "Admin"</span>
      <div>
      </div>
              </div>
              <div class="step pass-bg" title="com.orangehrmlive.demo.steps.LoginSteps.iEnterPassword(java.lang.String)">
                <span>And I enter password "admin123"</span>
      <div>
      </div>
              </div>
              <div class="step pass-bg" title="com.orangehrmlive.demo.steps.LoginSteps.iClickOnLoginButton()">
                <span>And I click on login button</span>
      <div>
      </div>
              </div>
              <div class="step pass-bg" title="com.orangehrmlive.demo.steps.UserTestSteps.iClickOnAdminTab()">
                <span>And I click on Admin tab</span>
      <div>
      </div>
              </div>
              <div class="step pass-bg" title="com.orangehrmlive.demo.steps.UserTestSteps.iShouldSeeTheSystemUsersTextAs(java.lang.String)">
                <span>And I should see the System Users text "System Users"</span>
      <div>
      </div>
              </div>
              <div class="step pass-bg" title="com.orangehrmlive.demo.steps.UserTestSteps.iEnterUserNameInSystemUsersPage(java.lang.String)">
                <span>And I enter user name "Prime78" in system users page</span>
      <div>
      </div>
              </div>
              <div class="step pass-bg" title="com.orangehrmlive.demo.steps.UserTestSteps.iSelectUserRoleAsAdminInSystemUsersPage()">
                <span>And I select user role as Admin in system users page</span>
      <div>
      </div>
              </div>
              <div class="step pass-bg" title="com.orangehrmlive.demo.steps.UserTestSteps.iSelectStatusAsDisableInSystemUsersPage()">
                <span>And I select status as disable in system users page</span>
      <div>
      </div>
              </div>
              <div class="step pass-bg" title="com.orangehrmlive.demo.steps.UserTestSteps.iClickOnSearchButton()">
                <span>And I click on search button</span>
      <div>
      </div>
              </div>
              <div class="step fail-bg" title="com.orangehrmlive.demo.steps.UserTestSteps.iShouldVerifyTheUserNameInResultList(java.lang.String)">
                <span>And I should verify the user name "Prime78" in result list</span>
      <div>
        <textarea disabled class="code-block">org.openqa.selenium.NoSuchWindowException: no such window: target window already closed
from unknown error: web view not found
  (Session info: chrome=120.0.6099.109)
Build info: version: '4.15.0', revision: '1d14b5521b'
System info: os.name: 'Windows 10', os.arch: 'amd64', os.version: '10.0', java.version: '17.0.8'
Driver info: org.openqa.selenium.chrome.ChromeDriver
Command: [d4bfdf6825c4ef92e73b668eaa79315c, findElement {using=xpath, value=(//div[@data-v-6c07a142])[1]}]
Capabilities {acceptInsecureCerts: false, browserName: chrome, browserVersion: 120.0.6099.109, chrome: {chromedriverVersion: 120.0.6099.71 (9729082fe617..., userDataDir: C:\Users\hiren\AppData\Loca...}, fedcm:accounts: true, goog:chromeOptions: {debuggerAddress: localhost:49753}, networkConnectionEnabled: false, pageLoadStrategy: normal, platformName: windows, proxy: Proxy(), se:cdp: ws://localhost:49753/devtoo..., se:cdpVersion: 120.0.6099.109, setWindowRect: true, strictFileInteractability: false, timeouts: {implicit: 0, pageLoad: 300000, script: 30000}, unhandledPromptBehavior: dismiss and notify, webauthn:extension:credBlob: true, webauthn:extension:largeBlob: true, webauthn:extension:minPinLength: true, webauthn:extension:prf: true, webauthn:virtualAuthenticators: true}
Session ID: d4bfdf6825c4ef92e73b668eaa79315c
	at java.base/jdk.internal.reflect.NativeConstructorAccessorImpl.newInstance0(Native Method)
	at java.base/jdk.internal.reflect.NativeConstructorAccessorImpl.newInstance(NativeConstructorAccessorImpl.java:77)
	at java.base/jdk.internal.reflect.DelegatingConstructorAccessorImpl.newInstance(DelegatingConstructorAccessorImpl.java:45)
	at java.base/java.lang.reflect.Constructor.newInstanceWithCaller(Constructor.java:499)
	at java.base/java.lang.reflect.Constructor.newInstance(Constructor.java:480)
	at org.openqa.selenium.remote.codec.w3c.W3CHttpResponseCodec.createException(W3CHttpResponseCodec.java:200)
	at org.openqa.selenium.remote.codec.w3c.W3CHttpResponseCodec.decode(W3CHttpResponseCodec.java:133)
	at org.openqa.selenium.remote.codec.w3c.W3CHttpResponseCodec.decode(W3CHttpResponseCodec.java:52)
	at org.openqa.selenium.remote.HttpCommandExecutor.execute(HttpCommandExecutor.java:191)
	at org.openqa.selenium.remote.service.DriverCommandExecutor.invokeExecute(DriverCommandExecutor.java:200)
	at org.openqa.selenium.remote.service.DriverCommandExecutor.execute(DriverCommandExecutor.java:175)
	at org.openqa.selenium.remote.RemoteWebDriver.execute(RemoteWebDriver.java:607)
	at org.openqa.selenium.remote.ElementLocation$ElementFinder$2.findElement(ElementLocation.java:165)
	at org.openqa.selenium.remote.ElementLocation.findElement(ElementLocation.java:59)
	at org.openqa.selenium.remote.RemoteWebDriver.findElement(RemoteWebDriver.java:364)
	at org.openqa.selenium.remote.RemoteWebDriver.findElement(RemoteWebDriver.java:358)
	at org.openqa.selenium.support.pagefactory.DefaultElementLocator.findElement(DefaultElementLocator.java:68)
	at org.openqa.selenium.support.pagefactory.internal.LocatingElementHandler.invoke(LocatingElementHandler.java:38)
	at jdk.proxy2/jdk.proxy2.$Proxy29.getText(Unknown Source)
	at com.orangehrmlive.demo.utility.Utility.getTextFromElement(Utility.java:60)
	at com.orangehrmlive.demo.pages.ViewSystemUsersPage.getDataFromUserNameInRecord(ViewSystemUsersPage.java:142)
	at com.orangehrmlive.demo.steps.UserTestSteps.iShouldVerifyTheUserNameInResultList(UserTestSteps.java:97)
	at ✽.I should verify the user name "Prime78" in result list(file:///C:/Users/hiren/IdeaProjects/orange-hrm-sw-6/src/test/resources/features/usertest.feature:54)
</textarea>
      
      </div>
              </div>
              <div class="step skip-bg" title="com.orangehrmlive.demo.steps.UserTestSteps.iClickOnCheckBoxAgainstTheUserName()">
                <span>And I click on check box against the user name</span>
      <div>Step skipped
      </div>
              </div>
              <div class="step skip-bg" title="com.orangehrmlive.demo.steps.UserTestSteps.iClickOnDeleteButtonAgainstTheUserName()">
                <span>And I click on delete button against the user name</span>
      <div>Step skipped
      </div>
              </div>
              <div class="step skip-bg" title="com.orangehrmlive.demo.steps.UserTestSteps.iClickOnOkButtonOnPopup()">
                <span>And I click on ok button on popup</span>
      <div>Step skipped
      </div>
              </div>
              <div class="step skip-bg" title="com.orangehrmlive.demo.steps.UserTestSteps.iShouldGetSuccessfullyDeletedMessage(java.lang.String)">
                <span>Then I should get successfully deleted message "Successfully Deleted"</span>
      <div>Step skipped
      </div>
              </div>
              <div class="step fail-bg" title="AFTER">
                <span>com.orangehrmlive.demo.steps.Hooks.tearDown(io.cucumber.java.Scenario)</span>
      <div>
        <textarea disabled class="code-block">org.openqa.selenium.NoSuchWindowException: no such window: target window already closed
from unknown error: web view not found
  (Session info: chrome=120.0.6099.109)
Build info: version: '4.15.0', revision: '1d14b5521b'
System info: os.name: 'Windows 10', os.arch: 'amd64', os.version: '10.0', java.version: '17.0.8'
Driver info: org.openqa.selenium.chrome.ChromeDriver
Command: [d4bfdf6825c4ef92e73b668eaa79315c, screenshot {}]
Capabilities {acceptInsecureCerts: false, browserName: chrome, browserVersion: 120.0.6099.109, chrome: {chromedriverVersion: 120.0.6099.71 (9729082fe617..., userDataDir: C:\Users\hiren\AppData\Loca...}, fedcm:accounts: true, goog:chromeOptions: {debuggerAddress: localhost:49753}, networkConnectionEnabled: false, pageLoadStrategy: normal, platformName: windows, proxy: Proxy(), se:cdp: ws://localhost:49753/devtoo..., se:cdpVersion: 120.0.6099.109, setWindowRect: true, strictFileInteractability: false, timeouts: {implicit: 0, pageLoad: 300000, script: 30000}, unhandledPromptBehavior: dismiss and notify, webauthn:extension:credBlob: true, webauthn:extension:largeBlob: true, webauthn:extension:minPinLength: true, webauthn:extension:prf: true, webauthn:virtualAuthenticators: true}
Session ID: d4bfdf6825c4ef92e73b668eaa79315c
	at java.base/jdk.internal.reflect.NativeConstructorAccessorImpl.newInstance0(Native Method)
	at java.base/jdk.internal.reflect.NativeConstructorAccessorImpl.newInstance(NativeConstructorAccessorImpl.java:77)
	at java.base/jdk.internal.reflect.DelegatingConstructorAccessorImpl.newInstance(DelegatingConstructorAccessorImpl.java:45)
	at java.base/java.lang.reflect.Constructor.newInstanceWithCaller(Constructor.java:499)
	at java.base/java.lang.reflect.Constructor.newInstance(Constructor.java:480)
	at org.openqa.selenium.remote.codec.w3c.W3CHttpResponseCodec.createException(W3CHttpResponseCodec.java:200)
	at org.openqa.selenium.remote.codec.w3c.W3CHttpResponseCodec.decode(W3CHttpResponseCodec.java:133)
	at org.openqa.selenium.remote.codec.w3c.W3CHttpResponseCodec.decode(W3CHttpResponseCodec.java:52)
	at org.openqa.selenium.remote.HttpCommandExecutor.execute(HttpCommandExecutor.java:191)
	at org.openqa.selenium.remote.service.DriverCommandExecutor.invokeExecute(DriverCommandExecutor.java:200)
	at org.openqa.selenium.remote.service.DriverCommandExecutor.execute(DriverCommandExecutor.java:175)
	at org.openqa.selenium.remote.RemoteWebDriver.execute(RemoteWebDriver.java:607)
	at org.openqa.selenium.remote.RemoteWebDriver.execute(RemoteWebDriver.java:680)
	at org.openqa.selenium.remote.RemoteWebDriver.execute(RemoteWebDriver.java:684)
	at org.openqa.selenium.remote.RemoteWebDriver.getScreenshotAs(RemoteWebDriver.java:330)
	at com.orangehrmlive.demo.utility.Utility.getScreenShot(Utility.java:350)
	at com.orangehrmlive.demo.steps.Hooks.tearDown(Hooks.java:19)
</textarea>
      
      </div>
              </div>
          </div>
        </div>
  </div>
  <div class="card">
    <div class="card-header" role="tab">
      <div class="card-title">
        <div class="node" id="113"><span class="badge log fail-bg mr-2">Fail</span>User should search and verify the message record found</div>
      </div>
    </div>
        <div class="scenario_outline ">
            <div class="card-body l1">
              <div class="card-header">
                <div class="card-title outline-child">
                  <div class="node" id="114"><span class="badge log fail-bg mr-2">Fail</span>User should search and verify the message record found</div>
                </div>
              </div>
              <div class="card-body mt-3 ">
                  <div class="step pass-bg">
                    <span>Given I am on login page</span>
      <div>
      </div>
                  </div>
                  <div class="step pass-bg">
                    <span>When I enter username "Admin"</span>
      <div>
      </div>
                  </div>
                  <div class="step pass-bg">
                    <span>And I enter password "admin123"</span>
      <div>
      </div>
                  </div>
                  <div class="step pass-bg">
                    <span>And I click on login button</span>
      <div>
      </div>
                  </div>
                  <div class="step pass-bg">
                    <span>And I click on Admin tab</span>
      <div>
      </div>
                  </div>
                  <div class="step pass-bg">
                    <span>And I should see the System Users text "System Users"</span>
      <div>
      </div>
                  </div>
                  <div class="step pass-bg">
                    <span>And I enter user name "Admin" in system users page</span>
      <div>
      </div>
                  </div>
                  <div class="step pass-bg">
                    <span>And I select user role "Admin" in system users page</span>
      <div>
      </div>
                  </div>
                  <div class="step pass-bg">
                    <span>And I select status "Enable" in system users page</span>
      <div>
      </div>
                  </div>
                  <div class="step pass-bg">
                    <span>And I click on search button</span>
      <div>
      </div>
                  </div>
                  <div class="step fail-bg">
                    <span>And I see the one record found "(1) Record Found" message</span>
      <div>
        <textarea disabled class="code-block">org.openqa.selenium.WebDriverException: disconnected: received Inspector.detached event
  (failed to check if window was closed: disconnected: not connected to DevTools)
  (Session info: chrome=120.0.6099.109)
Build info: version: '4.15.0', revision: '1d14b5521b'
System info: os.name: 'Windows 10', os.arch: 'amd64', os.version: '10.0', java.version: '17.0.8'
Driver info: org.openqa.selenium.chrome.ChromeDriver
Command: [e89b42dd30653718752a7ea30deb5008, findElement {using=xpath, value=//span[normalize-space()='(1) Record Found']}]
Capabilities {acceptInsecureCerts: false, browserName: chrome, browserVersion: 120.0.6099.109, chrome: {chromedriverVersion: 120.0.6099.71 (9729082fe617..., userDataDir: C:\Users\hiren\AppData\Loca...}, fedcm:accounts: true, goog:chromeOptions: {debuggerAddress: localhost:49783}, networkConnectionEnabled: false, pageLoadStrategy: normal, platformName: windows, proxy: Proxy(), se:cdp: ws://localhost:49783/devtoo..., se:cdpVersion: 120.0.6099.109, setWindowRect: true, strictFileInteractability: false, timeouts: {implicit: 0, pageLoad: 300000, script: 30000}, unhandledPromptBehavior: dismiss and notify, webauthn:extension:credBlob: true, webauthn:extension:largeBlob: true, webauthn:extension:minPinLength: true, webauthn:extension:prf: true, webauthn:virtualAuthenticators: true}
Session ID: e89b42dd30653718752a7ea30deb5008
	at java.base/jdk.internal.reflect.NativeConstructorAccessorImpl.newInstance0(Native Method)
	at java.base/jdk.internal.reflect.NativeConstructorAccessorImpl.newInstance(NativeConstructorAccessorImpl.java:77)
	at java.base/jdk.internal.reflect.DelegatingConstructorAccessorImpl.newInstance(DelegatingConstructorAccessorImpl.java:45)
	at java.base/java.lang.reflect.Constructor.newInstanceWithCaller(Constructor.java:499)
	at java.base/java.lang.reflect.Constructor.newInstance(Constructor.java:480)
	at org.openqa.selenium.remote.codec.w3c.W3CHttpResponseCodec.createException(W3CHttpResponseCodec.java:200)
	at org.openqa.selenium.remote.codec.w3c.W3CHttpResponseCodec.decode(W3CHttpResponseCodec.java:133)
	at org.openqa.selenium.remote.codec.w3c.W3CHttpResponseCodec.decode(W3CHttpResponseCodec.java:52)
	at org.openqa.selenium.remote.HttpCommandExecutor.execute(HttpCommandExecutor.java:191)
	at org.openqa.selenium.remote.service.DriverCommandExecutor.invokeExecute(DriverCommandExecutor.java:200)
	at org.openqa.selenium.remote.service.DriverCommandExecutor.execute(DriverCommandExecutor.java:175)
	at org.openqa.selenium.remote.RemoteWebDriver.execute(RemoteWebDriver.java:607)
	at org.openqa.selenium.remote.ElementLocation$ElementFinder$2.findElement(ElementLocation.java:165)
	at org.openqa.selenium.remote.ElementLocation.findElement(ElementLocation.java:59)
	at org.openqa.selenium.remote.RemoteWebDriver.findElement(RemoteWebDriver.java:364)
	at org.openqa.selenium.remote.RemoteWebDriver.findElement(RemoteWebDriver.java:358)
	at org.openqa.selenium.support.pagefactory.DefaultElementLocator.findElement(DefaultElementLocator.java:68)
	at org.openqa.selenium.support.pagefactory.internal.LocatingElementHandler.invoke(LocatingElementHandler.java:38)
	at jdk.proxy2/jdk.proxy2.$Proxy29.toString(Unknown Source)
	at com.orangehrmlive.demo.pages.ViewSystemUsersPage.getOneRecordFoundMessage(ViewSystemUsersPage.java:166)
	at com.orangehrmlive.demo.steps.UserTestSteps.iSeeTheOneRecordFoundMessage(UserTestSteps.java:142)
	at ✽.I see the one record found "(1) Record Found" message(file:///C:/Users/hiren/IdeaProjects/orange-hrm-sw-6/src/test/resources/features/usertest.feature:72)
</textarea>
      
      </div>
                  </div>
                  <div class="step skip-bg">
                    <span>And I should verify the username "Admin"</span>
      <div>Step skipped
      </div>
                  </div>
                  <div class="step skip-bg">
                    <span>Then I click on reset button</span>
      <div>Step skipped
      </div>
                  </div>
                  <div class="step fail-bg">
                    <span>com.orangehrmlive.demo.steps.Hooks.tearDown(io.cucumber.java.Scenario)</span>
      <div>
        <textarea disabled class="code-block">org.openqa.selenium.WebDriverException: disconnected: not connected to DevTools
  (failed to check if window was closed: disconnected: not connected to DevTools)
  (Session info: chrome=120.0.6099.109)
Build info: version: '4.15.0', revision: '1d14b5521b'
System info: os.name: 'Windows 10', os.arch: 'amd64', os.version: '10.0', java.version: '17.0.8'
Driver info: org.openqa.selenium.chrome.ChromeDriver
Command: [e89b42dd30653718752a7ea30deb5008, screenshot {}]
Capabilities {acceptInsecureCerts: false, browserName: chrome, browserVersion: 120.0.6099.109, chrome: {chromedriverVersion: 120.0.6099.71 (9729082fe617..., userDataDir: C:\Users\hiren\AppData\Loca...}, fedcm:accounts: true, goog:chromeOptions: {debuggerAddress: localhost:49783}, networkConnectionEnabled: false, pageLoadStrategy: normal, platformName: windows, proxy: Proxy(), se:cdp: ws://localhost:49783/devtoo..., se:cdpVersion: 120.0.6099.109, setWindowRect: true, strictFileInteractability: false, timeouts: {implicit: 0, pageLoad: 300000, script: 30000}, unhandledPromptBehavior: dismiss and notify, webauthn:extension:credBlob: true, webauthn:extension:largeBlob: true, webauthn:extension:minPinLength: true, webauthn:extension:prf: true, webauthn:virtualAuthenticators: true}
Session ID: e89b42dd30653718752a7ea30deb5008
	at java.base/jdk.internal.reflect.NativeConstructorAccessorImpl.newInstance0(Native Method)
	at java.base/jdk.internal.reflect.NativeConstructorAccessorImpl.newInstance(NativeConstructorAccessorImpl.java:77)
	at java.base/jdk.internal.reflect.DelegatingConstructorAccessorImpl.newInstance(DelegatingConstructorAccessorImpl.java:45)
	at java.base/java.lang.reflect.Constructor.newInstanceWithCaller(Constructor.java:499)
	at java.base/java.lang.reflect.Constructor.newInstance(Constructor.java:480)
	at org.openqa.selenium.remote.codec.w3c.W3CHttpResponseCodec.createException(W3CHttpResponseCodec.java:200)
	at org.openqa.selenium.remote.codec.w3c.W3CHttpResponseCodec.decode(W3CHttpResponseCodec.java:133)
	at org.openqa.selenium.remote.codec.w3c.W3CHttpResponseCodec.decode(W3CHttpResponseCodec.java:52)
	at org.openqa.selenium.remote.HttpCommandExecutor.execute(HttpCommandExecutor.java:191)
	at org.openqa.selenium.remote.service.DriverCommandExecutor.invokeExecute(DriverCommandExecutor.java:200)
	at org.openqa.selenium.remote.service.DriverCommandExecutor.execute(DriverCommandExecutor.java:175)
	at org.openqa.selenium.remote.RemoteWebDriver.execute(RemoteWebDriver.java:607)
	at org.openqa.selenium.remote.RemoteWebDriver.execute(RemoteWebDriver.java:680)
	at org.openqa.selenium.remote.RemoteWebDriver.execute(RemoteWebDriver.java:684)
	at org.openqa.selenium.remote.RemoteWebDriver.getScreenshotAs(RemoteWebDriver.java:330)
	at com.orangehrmlive.demo.utility.Utility.getScreenShot(Utility.java:350)
	at com.orangehrmlive.demo.steps.Hooks.tearDown(Hooks.java:19)
</textarea>
      
      </div>
                  </div>
              </div>
            </div>
            <div class="card-body l1">
              <div class="card-header">
                <div class="card-title outline-child">
                  <div class="node" id="130"><span class="badge log fail-bg mr-2">Fail</span>User should search and verify the message record found</div>
                </div>
              </div>
              <div class="card-body mt-3 ">
                  <div class="step pass-bg">
                    <span>Given I am on login page</span>
      <div>
      </div>
                  </div>
                  <div class="step pass-bg">
                    <span>When I enter username "Admin"</span>
      <div>
      </div>
                  </div>
                  <div class="step pass-bg">
                    <span>And I enter password "admin123"</span>
      <div>
      </div>
                  </div>
                  <div class="step pass-bg">
                    <span>And I click on login button</span>
      <div>
      </div>
                  </div>
                  <div class="step pass-bg">
                    <span>And I click on Admin tab</span>
      <div>
      </div>
                  </div>
                  <div class="step pass-bg">
                    <span>And I should see the System Users text "System Users"</span>
      <div>
      </div>
                  </div>
                  <div class="step pass-bg">
                    <span>And I enter user name "Nina.Patel" in system users page</span>
      <div>
      </div>
                  </div>
                  <div class="step pass-bg">
                    <span>And I select user role "ESS" in system users page</span>
      <div>
      </div>
                  </div>
                  <div class="step pass-bg">
                    <span>And I select status "Enable" in system users page</span>
      <div>
      </div>
                  </div>
                  <div class="step pass-bg">
                    <span>And I click on search button</span>
      <div>
      </div>
                  </div>
                  <div class="step fail-bg">
                    <span>And I see the one record found "(1) Record Found" message</span>
      <div>
        <textarea disabled class="code-block">org.openqa.selenium.NoSuchWindowException: no such window: target window already closed
from unknown error: web view not found
  (Session info: chrome=120.0.6099.109)
Build info: version: '4.15.0', revision: '1d14b5521b'
System info: os.name: 'Windows 10', os.arch: 'amd64', os.version: '10.0', java.version: '17.0.8'
Driver info: org.openqa.selenium.chrome.ChromeDriver
Command: [ef5ea6b2dc4636860ad5b93ac32f32c0, findElement {using=xpath, value=//span[normalize-space()='(1) Record Found']}]
Capabilities {acceptInsecureCerts: false, browserName: chrome, browserVersion: 120.0.6099.109, chrome: {chromedriverVersion: 120.0.6099.71 (9729082fe617..., userDataDir: C:\Users\hiren\AppData\Loca...}, fedcm:accounts: true, goog:chromeOptions: {debuggerAddress: localhost:49812}, networkConnectionEnabled: false, pageLoadStrategy: normal, platformName: windows, proxy: Proxy(), se:cdp: ws://localhost:49812/devtoo..., se:cdpVersion: 120.0.6099.109, setWindowRect: true, strictFileInteractability: false, timeouts: {implicit: 0, pageLoad: 300000, script: 30000}, unhandledPromptBehavior: dismiss and notify, webauthn:extension:credBlob: true, webauthn:extension:largeBlob: true, webauthn:extension:minPinLength: true, webauthn:extension:prf: true, webauthn:virtualAuthenticators: true}
Session ID: ef5ea6b2dc4636860ad5b93ac32f32c0
	at java.base/jdk.internal.reflect.NativeConstructorAccessorImpl.newInstance0(Native Method)
	at java.base/jdk.internal.reflect.NativeConstructorAccessorImpl.newInstance(NativeConstructorAccessorImpl.java:77)
	at java.base/jdk.internal.reflect.DelegatingConstructorAccessorImpl.newInstance(DelegatingConstructorAccessorImpl.java:45)
	at java.base/java.lang.reflect.Constructor.newInstanceWithCaller(Constructor.java:499)
	at java.base/java.lang.reflect.Constructor.newInstance(Constructor.java:480)
	at org.openqa.selenium.remote.codec.w3c.W3CHttpResponseCodec.createException(W3CHttpResponseCodec.java:200)
	at org.openqa.selenium.remote.codec.w3c.W3CHttpResponseCodec.decode(W3CHttpResponseCodec.java:133)
	at org.openqa.selenium.remote.codec.w3c.W3CHttpResponseCodec.decode(W3CHttpResponseCodec.java:52)
	at org.openqa.selenium.remote.HttpCommandExecutor.execute(HttpCommandExecutor.java:191)
	at org.openqa.selenium.remote.service.DriverCommandExecutor.invokeExecute(DriverCommandExecutor.java:200)
	at org.openqa.selenium.remote.service.DriverCommandExecutor.execute(DriverCommandExecutor.java:175)
	at org.openqa.selenium.remote.RemoteWebDriver.execute(RemoteWebDriver.java:607)
	at org.openqa.selenium.remote.ElementLocation$ElementFinder$2.findElement(ElementLocation.java:165)
	at org.openqa.selenium.remote.ElementLocation.findElement(ElementLocation.java:59)
	at org.openqa.selenium.remote.RemoteWebDriver.findElement(RemoteWebDriver.java:364)
	at org.openqa.selenium.remote.RemoteWebDriver.findElement(RemoteWebDriver.java:358)
	at org.openqa.selenium.support.pagefactory.DefaultElementLocator.findElement(DefaultElementLocator.java:68)
	at org.openqa.selenium.support.pagefactory.internal.LocatingElementHandler.invoke(LocatingElementHandler.java:38)
	at jdk.proxy2/jdk.proxy2.$Proxy29.getText(Unknown Source)
	at com.orangehrmlive.demo.utility.Utility.getTextFromElement(Utility.java:60)
	at com.orangehrmlive.demo.pages.ViewSystemUsersPage.getOneRecordFoundMessage(ViewSystemUsersPage.java:167)
	at com.orangehrmlive.demo.steps.UserTestSteps.iSeeTheOneRecordFoundMessage(UserTestSteps.java:142)
	at ✽.I see the one record found "(1) Record Found" message(file:///C:/Users/hiren/IdeaProjects/orange-hrm-sw-6/src/test/resources/features/usertest.feature:72)
</textarea>
      
      </div>
                  </div>
                  <div class="step skip-bg">
                    <span>And I should verify the username "Nina.Patel"</span>
      <div>Step skipped
      </div>
                  </div>
                  <div class="step skip-bg">
                    <span>Then I click on reset button</span>
      <div>Step skipped
      </div>
                  </div>
                  <div class="step fail-bg">
                    <span>com.orangehrmlive.demo.steps.Hooks.tearDown(io.cucumber.java.Scenario)</span>
      <div>
        <textarea disabled class="code-block">org.openqa.selenium.NoSuchWindowException: no such window: target window already closed
from unknown error: web view not found
  (Session info: chrome=120.0.6099.109)
Build info: version: '4.15.0', revision: '1d14b5521b'
System info: os.name: 'Windows 10', os.arch: 'amd64', os.version: '10.0', java.version: '17.0.8'
Driver info: org.openqa.selenium.chrome.ChromeDriver
Command: [ef5ea6b2dc4636860ad5b93ac32f32c0, screenshot {}]
Capabilities {acceptInsecureCerts: false, browserName: chrome, browserVersion: 120.0.6099.109, chrome: {chromedriverVersion: 120.0.6099.71 (9729082fe617..., userDataDir: C:\Users\hiren\AppData\Loca...}, fedcm:accounts: true, goog:chromeOptions: {debuggerAddress: localhost:49812}, networkConnectionEnabled: false, pageLoadStrategy: normal, platformName: windows, proxy: Proxy(), se:cdp: ws://localhost:49812/devtoo..., se:cdpVersion: 120.0.6099.109, setWindowRect: true, strictFileInteractability: false, timeouts: {implicit: 0, pageLoad: 300000, script: 30000}, unhandledPromptBehavior: dismiss and notify, webauthn:extension:credBlob: true, webauthn:extension:largeBlob: true, webauthn:extension:minPinLength: true, webauthn:extension:prf: true, webauthn:virtualAuthenticators: true}
Session ID: ef5ea6b2dc4636860ad5b93ac32f32c0
	at java.base/jdk.internal.reflect.NativeConstructorAccessorImpl.newInstance0(Native Method)
	at java.base/jdk.internal.reflect.NativeConstructorAccessorImpl.newInstance(NativeConstructorAccessorImpl.java:77)
	at java.base/jdk.internal.reflect.DelegatingConstructorAccessorImpl.newInstance(DelegatingConstructorAccessorImpl.java:45)
	at java.base/java.lang.reflect.Constructor.newInstanceWithCaller(Constructor.java:499)
	at java.base/java.lang.reflect.Constructor.newInstance(Constructor.java:480)
	at org.openqa.selenium.remote.codec.w3c.W3CHttpResponseCodec.createException(W3CHttpResponseCodec.java:200)
	at org.openqa.selenium.remote.codec.w3c.W3CHttpResponseCodec.decode(W3CHttpResponseCodec.java:133)
	at org.openqa.selenium.remote.codec.w3c.W3CHttpResponseCodec.decode(W3CHttpResponseCodec.java:52)
	at org.openqa.selenium.remote.HttpCommandExecutor.execute(HttpCommandExecutor.java:191)
	at org.openqa.selenium.remote.service.DriverCommandExecutor.invokeExecute(DriverCommandExecutor.java:200)
	at org.openqa.selenium.remote.service.DriverCommandExecutor.execute(DriverCommandExecutor.java:175)
	at org.openqa.selenium.remote.RemoteWebDriver.execute(RemoteWebDriver.java:607)
	at org.openqa.selenium.remote.RemoteWebDriver.execute(RemoteWebDriver.java:680)
	at org.openqa.selenium.remote.RemoteWebDriver.execute(RemoteWebDriver.java:684)
	at org.openqa.selenium.remote.RemoteWebDriver.getScreenshotAs(RemoteWebDriver.java:330)
	at com.orangehrmlive.demo.utility.Utility.getScreenShot(Utility.java:350)
	at com.orangehrmlive.demo.steps.Hooks.tearDown(Hooks.java:19)
</textarea>
      
      </div>
                  </div>
              </div>
            </div>
        </div>
  </div>
</div>
          </div>
        </li>
      </ul>
    </div>
  </div>
<div class="test-content scrollable">
<div class="test-content-tools">
<ul><li><a class="back-to-test" href="#"><i class="fa fa-arrow-left"></i></a></li></ul>
</div>
<div class="test-content-detail"><div class="detail-body"></div></div>
</div></div>
<div class="test-wrapper row view category-view attributes-view">
<div class="test-list">
<div class="test-list-tools">
<ul class="tools pull-left"><li><a href=""><span class="font-size-14">Category</span></a></li></ul>
<ul class="tools text-right"><li><a href="#"><span class="badge badge-primary">4</span></a></li></ul>
</div>
<div class="test-list-wrapper scrollable">
<ul class="test-list-item">
<li class="test-item">
<div class="test-detail">
<span class="meta">
<span class='badge log pass-bg'>1</span>
<span class='badge log badge-danger'>1</span>
</span>
<p class="name">@sanity</p>
<p class="duration text-sm">2 tests</p>
</div>
<div class="test-contents d-none">
<div class="info">
<h4>@sanity</h4>
<span status="pass" class='badge log pass-bg'>1 passed</span>
<span status="fail" class='badge log badge-danger'>1 failed</span>
</div>
<table class='table table-sm mt-4'>
<thead>
<tr>
<th class="status-col">Status</th>
<th class="timestamp-col">Timestamp</th>
<th>TestName</th>
</tr>
</thead>
<tbody>
<tr class="tag-test-status" status="pass">
<td><span class="badge log pass-bg">Pass</span></td>
<td>23:41:03 pm</td>
<td>
<a href="#" class="linked" test-id='1' id='2'>User should log in successfully with valid credentials</a>
<div class="">
<span class="badge badge-default">Login Future Test.User should log in successfully with valid credentials</span>
</div>
</td>
</tr>
<tr class="tag-test-status" status="fail">
<td><span class="badge log fail-bg">Fail</span></td>
<td>23:41:47 pm</td>
<td>
<a href="#" class="linked" test-id='61' id='62'>User should successfully add the new user</a>
<div class="">
<span class="badge badge-default">User Feature Test.User should successfully add the new user</span>
</div>
</td>
</tr>
</tbody>
</table>
</div>
</li>
<li class="test-item">
<div class="test-detail">
<span class="meta">
<span class='badge log pass-bg'>7</span>
<span class='badge log badge-danger'>5</span>
</span>
<p class="name">@author_Hiren_Italia</p>
<p class="duration text-sm">12 tests</p>
</div>
<div class="test-contents d-none">
<div class="info">
<h4>@author_Hiren_Italia</h4>
<span status="pass" class='badge log pass-bg'>7 passed</span>
<span status="fail" class='badge log badge-danger'>5 failed</span>
</div>
<table class='table table-sm mt-4'>
<thead>
<tr>
<th class="status-col">Status</th>
<th class="timestamp-col">Timestamp</th>
<th>TestName</th>
</tr>
</thead>
<tbody>
<tr class="tag-test-status" status="pass">
<td><span class="badge log pass-bg">Pass</span></td>
<td>23:41:03 pm</td>
<td>
<a href="#" class="linked" test-id='1' id='2'>User should log in successfully with valid credentials</a>
<div class="">
<span class="badge badge-default">Login Future Test.User should log in successfully with valid credentials</span>
</div>
</td>
</tr>
<tr class="tag-test-status" status="pass">
<td><span class="badge log pass-bg">Pass</span></td>
<td>23:41:12 pm</td>
<td>
<a href="#" class="linked" test-id='1' id='10'>User should see the OrangeHRM logo on the Homepage</a>
<div class="">
<span class="badge badge-default">Login Future Test.User should see the OrangeHRM logo on the Homepage</span>
</div>
</td>
</tr>
<tr class="tag-test-status" status="pass">
<td><span class="badge log pass-bg">Pass</span></td>
<td>23:41:19 pm</td>
<td>
<a href="#" class="linked" test-id='1' id='18'>User should logout successfully</a>
<div class="">
<span class="badge badge-default">Login Future Test.User should logout successfully</span>
</div>
</td>
</tr>
<tr class="tag-test-status" status="pass">
<td><span class="badge log pass-bg">Pass</span></td>
<td>23:41:26 pm</td>
<td>
<a href="#" class="linked" test-id='1' id='29'>: User should get error message with invalid credentials</a>
<div class="">
<span class="badge badge-default">Login Future Test.: User should get error message with invalid credentials</span>
</div>
</td>
</tr>
<tr class="tag-test-status" status="pass">
<td><span class="badge log pass-bg">Pass</span></td>
<td>23:41:31 pm</td>
<td>
<a href="#" class="linked" test-id='1' id='37'>: User should get error message with invalid credentials</a>
<div class="">
<span class="badge badge-default">Login Future Test.: User should get error message with invalid credentials</span>
</div>
</td>
</tr>
<tr class="tag-test-status" status="pass">
<td><span class="badge log pass-bg">Pass</span></td>
<td>23:41:35 pm</td>
<td>
<a href="#" class="linked" test-id='1' id='45'>: User should get error message with invalid credentials</a>
<div class="">
<span class="badge badge-default">Login Future Test.: User should get error message with invalid credentials</span>
</div>
</td>
</tr>
<tr class="tag-test-status" status="pass">
<td><span class="badge log pass-bg">Pass</span></td>
<td>23:41:40 pm</td>
<td>
<a href="#" class="linked" test-id='1' id='53'>: User should get error message with invalid credentials</a>
<div class="">
<span class="badge badge-default">Login Future Test.: User should get error message with invalid credentials</span>
</div>
</td>
</tr>
<tr class="tag-test-status" status="fail">
<td><span class="badge log fail-bg">Fail</span></td>
<td>23:41:47 pm</td>
<td>
<a href="#" class="linked" test-id='61' id='62'>User should successfully add the new user</a>
<div class="">
<span class="badge badge-default">User Feature Test.User should successfully add the new user</span>
</div>
</td>
</tr>
<tr class="tag-test-status" status="fail">
<td><span class="badge log fail-bg">Fail</span></td>
<td>23:42:37 pm</td>
<td>
<a href="#" class="linked" test-id='61' id='81'>User created successfully and verify it</a>
<div class="">
<span class="badge badge-default">User Feature Test.User created successfully and verify it</span>
</div>
</td>
</tr>
<tr class="tag-test-status" status="fail">
<td><span class="badge log fail-bg">Fail</span></td>
<td>23:43:00 pm</td>
<td>
<a href="#" class="linked" test-id='61' id='95'>Admin should delete the user successfully</a>
<div class="">
<span class="badge badge-default">User Feature Test.Admin should delete the user successfully</span>
</div>
</td>
</tr>
<tr class="tag-test-status" status="fail">
<td><span class="badge log fail-bg">Fail</span></td>
<td>23:43:15 pm</td>
<td>
<a href="#" class="linked" test-id='61' id='114'>User should search and verify the message record found</a>
<div class="">
<span class="badge badge-default">User Feature Test.User should search and verify the message record found</span>
</div>
</td>
</tr>
<tr class="tag-test-status" status="fail">
<td><span class="badge log fail-bg">Fail</span></td>
<td>23:43:27 pm</td>
<td>
<a href="#" class="linked" test-id='61' id='130'>User should search and verify the message record found</a>
<div class="">
<span class="badge badge-default">User Feature Test.User should search and verify the message record found</span>
</div>
</td>
</tr>
</tbody>
</table>
</div>
</li>
<li class="test-item">
<div class="test-detail">
<span class="meta">
<span class='badge log pass-bg'>7</span>
<span class='badge log badge-danger'>5</span>
</span>
<p class="name">@regression</p>
<p class="duration text-sm">12 tests</p>
</div>
<div class="test-contents d-none">
<div class="info">
<h4>@regression</h4>
<span status="pass" class='badge log pass-bg'>7 passed</span>
<span status="fail" class='badge log badge-danger'>5 failed</span>
</div>
<table class='table table-sm mt-4'>
<thead>
<tr>
<th class="status-col">Status</th>
<th class="timestamp-col">Timestamp</th>
<th>TestName</th>
</tr>
</thead>
<tbody>
<tr class="tag-test-status" status="pass">
<td><span class="badge log pass-bg">Pass</span></td>
<td>23:41:03 pm</td>
<td>
<a href="#" class="linked" test-id='1' id='2'>User should log in successfully with valid credentials</a>
<div class="">
<span class="badge badge-default">Login Future Test.User should log in successfully with valid credentials</span>
</div>
</td>
</tr>
<tr class="tag-test-status" status="pass">
<td><span class="badge log pass-bg">Pass</span></td>
<td>23:41:12 pm</td>
<td>
<a href="#" class="linked" test-id='1' id='10'>User should see the OrangeHRM logo on the Homepage</a>
<div class="">
<span class="badge badge-default">Login Future Test.User should see the OrangeHRM logo on the Homepage</span>
</div>
</td>
</tr>
<tr class="tag-test-status" status="pass">
<td><span class="badge log pass-bg">Pass</span></td>
<td>23:41:19 pm</td>
<td>
<a href="#" class="linked" test-id='1' id='18'>User should logout successfully</a>
<div class="">
<span class="badge badge-default">Login Future Test.User should logout successfully</span>
</div>
</td>
</tr>
<tr class="tag-test-status" status="pass">
<td><span class="badge log pass-bg">Pass</span></td>
<td>23:41:26 pm</td>
<td>
<a href="#" class="linked" test-id='1' id='29'>: User should get error message with invalid credentials</a>
<div class="">
<span class="badge badge-default">Login Future Test.: User should get error message with invalid credentials</span>
</div>
</td>
</tr>
<tr class="tag-test-status" status="pass">
<td><span class="badge log pass-bg">Pass</span></td>
<td>23:41:31 pm</td>
<td>
<a href="#" class="linked" test-id='1' id='37'>: User should get error message with invalid credentials</a>
<div class="">
<span class="badge badge-default">Login Future Test.: User should get error message with invalid credentials</span>
</div>
</td>
</tr>
<tr class="tag-test-status" status="pass">
<td><span class="badge log pass-bg">Pass</span></td>
<td>23:41:35 pm</td>
<td>
<a href="#" class="linked" test-id='1' id='45'>: User should get error message with invalid credentials</a>
<div class="">
<span class="badge badge-default">Login Future Test.: User should get error message with invalid credentials</span>
</div>
</td>
</tr>
<tr class="tag-test-status" status="pass">
<td><span class="badge log pass-bg">Pass</span></td>
<td>23:41:40 pm</td>
<td>
<a href="#" class="linked" test-id='1' id='53'>: User should get error message with invalid credentials</a>
<div class="">
<span class="badge badge-default">Login Future Test.: User should get error message with invalid credentials</span>
</div>
</td>
</tr>
<tr class="tag-test-status" status="fail">
<td><span class="badge log fail-bg">Fail</span></td>
<td>23:41:47 pm</td>
<td>
<a href="#" class="linked" test-id='61' id='62'>User should successfully add the new user</a>
<div class="">
<span class="badge badge-default">User Feature Test.User should successfully add the new user</span>
</div>
</td>
</tr>
<tr class="tag-test-status" status="fail">
<td><span class="badge log fail-bg">Fail</span></td>
<td>23:42:37 pm</td>
<td>
<a href="#" class="linked" test-id='61' id='81'>User created successfully and verify it</a>
<div class="">
<span class="badge badge-default">User Feature Test.User created successfully and verify it</span>
</div>
</td>
</tr>
<tr class="tag-test-status" status="fail">
<td><span class="badge log fail-bg">Fail</span></td>
<td>23:43:00 pm</td>
<td>
<a href="#" class="linked" test-id='61' id='95'>Admin should delete the user successfully</a>
<div class="">
<span class="badge badge-default">User Feature Test.Admin should delete the user successfully</span>
</div>
</td>
</tr>
<tr class="tag-test-status" status="fail">
<td><span class="badge log fail-bg">Fail</span></td>
<td>23:43:15 pm</td>
<td>
<a href="#" class="linked" test-id='61' id='114'>User should search and verify the message record found</a>
<div class="">
<span class="badge badge-default">User Feature Test.User should search and verify the message record found</span>
</div>
</td>
</tr>
<tr class="tag-test-status" status="fail">
<td><span class="badge log fail-bg">Fail</span></td>
<td>23:43:27 pm</td>
<td>
<a href="#" class="linked" test-id='61' id='130'>User should search and verify the message record found</a>
<div class="">
<span class="badge badge-default">User Feature Test.User should search and verify the message record found</span>
</div>
</td>
</tr>
</tbody>
</table>
</div>
</li>
<li class="test-item">
<div class="test-detail">
<span class="meta">
<span class='badge log pass-bg'>2</span>
<span class='badge log badge-danger'>2</span>
</span>
<p class="name">@smoke</p>
<p class="duration text-sm">4 tests</p>
</div>
<div class="test-contents d-none">
<div class="info">
<h4>@smoke</h4>
<span status="pass" class='badge log pass-bg'>2 passed</span>
<span status="fail" class='badge log badge-danger'>2 failed</span>
</div>
<table class='table table-sm mt-4'>
<thead>
<tr>
<th class="status-col">Status</th>
<th class="timestamp-col">Timestamp</th>
<th>TestName</th>
</tr>
</thead>
<tbody>
<tr class="tag-test-status" status="pass">
<td><span class="badge log pass-bg">Pass</span></td>
<td>23:41:03 pm</td>
<td>
<a href="#" class="linked" test-id='1' id='2'>User should log in successfully with valid credentials</a>
<div class="">
<span class="badge badge-default">Login Future Test.User should log in successfully with valid credentials</span>
</div>
</td>
</tr>
<tr class="tag-test-status" status="pass">
<td><span class="badge log pass-bg">Pass</span></td>
<td>23:41:12 pm</td>
<td>
<a href="#" class="linked" test-id='1' id='10'>User should see the OrangeHRM logo on the Homepage</a>
<div class="">
<span class="badge badge-default">Login Future Test.User should see the OrangeHRM logo on the Homepage</span>
</div>
</td>
</tr>
<tr class="tag-test-status" status="fail">
<td><span class="badge log fail-bg">Fail</span></td>
<td>23:41:47 pm</td>
<td>
<a href="#" class="linked" test-id='61' id='62'>User should successfully add the new user</a>
<div class="">
<span class="badge badge-default">User Feature Test.User should successfully add the new user</span>
</div>
</td>
</tr>
<tr class="tag-test-status" status="fail">
<td><span class="badge log fail-bg">Fail</span></td>
<td>23:42:37 pm</td>
<td>
<a href="#" class="linked" test-id='61' id='81'>User created successfully and verify it</a>
<div class="">
<span class="badge badge-default">User Feature Test.User created successfully and verify it</span>
</div>
</td>
</tr>
</tbody>
</table>
</div>
</li>
</ul>
</div>
</div>
<div class="test-content scrollable">
<div class="test-content-detail">
<div class="detail-body"></div>
</div>
</div>
</div><div class="test-wrapper row view exception-view attributes-view">
<div class="test-list">
<div class="test-list-tools">
<ul class="tools pull-left"><li><a href=""><span class="font-size-14">Exception</span></a></li></ul>
<ul class="tools text-right"><li><a href="#"><span class="badge badge-primary">3</span></a></li></ul>
</div>
<div class="test-list-wrapper scrollable">
<ul class="test-list-item">
<li class="test-item">
<div class="test-detail">
<span class="meta">
<span class='badge log badge-danger'>4</span>
</span>
<p class="name">org.openqa.selenium.NoSuchWindowException</p>
<p class="duration text-sm">4 tests</p>
</div>
<div class="test-contents d-none">
<div class="info">
<h4>org.openqa.selenium.NoSuchWindowException</h4>
<span status="fail" class='badge log badge-danger'>4 failed</span>
</div>
<table class='table table-sm mt-4'>
<thead>
<tr>
<th class="status-col">Status</th>
<th class="timestamp-col">Timestamp</th>
<th>TestName</th>
</tr>
</thead>
<tbody>
<tr class="tag-test-status" status="fail">
<td><span class="badge log fail-bg">Fail</span></td>
<td>23:43:09 pm</td>
<td>
<a href="#" class="linked" test-id='61' id='107'>And I should verify the user name "Prime78" in result list</a>
<div class="">
<span class="badge badge-default">User Feature Test.Admin should delete the user successfully.And I should verify the user name "Prime78" in result list</span>
</div>
</td>
</tr>
<tr class="tag-test-status" status="fail">
<td><span class="badge log fail-bg">Fail</span></td>
<td>23:43:15 pm</td>
<td>
<a href="#" class="linked" test-id='61' id='112'>com.orangehrmlive.demo.steps.Hooks.tearDown(io.cucumber.java.Scenario)</a>
<div class="">
<span class="badge badge-default">User Feature Test.Admin should delete the user successfully.com.orangehrmlive.demo.steps.Hooks.tearDown(io.cucumber.java.Scenario)</span>
</div>
</td>
</tr>
<tr class="tag-test-status" status="fail">
<td><span class="badge log fail-bg">Fail</span></td>
<td>23:43:35 pm</td>
<td>
<a href="#" class="linked" test-id='61' id='142'>And I see the one record found "(1) Record Found" message</a>
<div class="">
<span class="badge badge-default">User Feature Test.User should search and verify the message record found.And I see the one record found "(1) Record Found" message</span>
</div>
</td>
</tr>
<tr class="tag-test-status" status="fail">
<td><span class="badge log fail-bg">Fail</span></td>
<td>23:43:40 pm</td>
<td>
<a href="#" class="linked" test-id='61' id='145'>com.orangehrmlive.demo.steps.Hooks.tearDown(io.cucumber.java.Scenario)</a>
<div class="">
<span class="badge badge-default">User Feature Test.User should search and verify the message record found.com.orangehrmlive.demo.steps.Hooks.tearDown(io.cucumber.java.Scenario)</span>
</div>
</td>
</tr>
</tbody>
</table>
</div>
</li>
<li class="test-item">
<div class="test-detail">
<span class="meta">
<span class='badge log badge-danger'>1</span>
</span>
<p class="name">org.openqa.selenium.NoSuchElementException</p>
<p class="duration text-sm">1 tests</p>
</div>
<div class="test-contents d-none">
<div class="info">
<h4>org.openqa.selenium.NoSuchElementException</h4>
<span status="fail" class='badge log badge-danger'>1 failed</span>
</div>
<table class='table table-sm mt-4'>
<thead>
<tr>
<th class="status-col">Status</th>
<th class="timestamp-col">Timestamp</th>
<th>TestName</th>
</tr>
</thead>
<tbody>
<tr class="tag-test-status" status="fail">
<td><span class="badge log fail-bg">Fail</span></td>
<td>23:41:56 pm</td>
<td>
<a href="#" class="linked" test-id='61' id='79'>Then I should see the message "Successfully Saved"</a>
<div class="">
<span class="badge badge-default">User Feature Test.User should successfully add the new user.Then I should see the message "Successfully Saved"</span>
</div>
</td>
</tr>
</tbody>
</table>
</div>
</li>
<li class="test-item">
<div class="test-detail">
<span class="meta">
<span class='badge log badge-danger'>4</span>
</span>
<p class="name">org.openqa.selenium.WebDriverException</p>
<p class="duration text-sm">4 tests</p>
</div>
<div class="test-contents d-none">
<div class="info">
<h4>org.openqa.selenium.WebDriverException</h4>
<span status="fail" class='badge log badge-danger'>4 failed</span>
</div>
<table class='table table-sm mt-4'>
<thead>
<tr>
<th class="status-col">Status</th>
<th class="timestamp-col">Timestamp</th>
<th>TestName</th>
</tr>
</thead>
<tbody>
<tr class="tag-test-status" status="fail">
<td><span class="badge log fail-bg">Fail</span></td>
<td>23:42:46 pm</td>
<td>
<a href="#" class="linked" test-id='61' id='93'>Then I should verify the user name "Prime78" in result list</a>
<div class="">
<span class="badge badge-default">User Feature Test.User created successfully and verify it.Then I should verify the user name "Prime78" in result list</span>
</div>
</td>
</tr>
<tr class="tag-test-status" status="fail">
<td><span class="badge log fail-bg">Fail</span></td>
<td>23:43:00 pm</td>
<td>
<a href="#" class="linked" test-id='61' id='94'>com.orangehrmlive.demo.steps.Hooks.tearDown(io.cucumber.java.Scenario)</a>
<div class="">
<span class="badge badge-default">User Feature Test.User created successfully and verify it.com.orangehrmlive.demo.steps.Hooks.tearDown(io.cucumber.java.Scenario)</span>
</div>
</td>
</tr>
<tr class="tag-test-status" status="fail">
<td><span class="badge log fail-bg">Fail</span></td>
<td>23:43:23 pm</td>
<td>
<a href="#" class="linked" test-id='61' id='126'>And I see the one record found "(1) Record Found" message</a>
<div class="">
<span class="badge badge-default">User Feature Test.User should search and verify the message record found.And I see the one record found "(1) Record Found" message</span>
</div>
</td>
</tr>
<tr class="tag-test-status" status="fail">
<td><span class="badge log fail-bg">Fail</span></td>
<td>23:43:27 pm</td>
<td>
<a href="#" class="linked" test-id='61' id='129'>com.orangehrmlive.demo.steps.Hooks.tearDown(io.cucumber.java.Scenario)</a>
<div class="">
<span class="badge badge-default">User Feature Test.User should search and verify the message record found.com.orangehrmlive.demo.steps.Hooks.tearDown(io.cucumber.java.Scenario)</span>
</div>
</td>
</tr>
</tbody>
</table>
</div>
</li>
</ul>
</div>
</div>
<div class="test-content scrollable">
<div class="test-content-detail">
<div class="detail-body"></div>
</div>
</div>
</div>        </div>
      </div>
    </div>
  </div>
<script src="https://cdn.jsdelivr.net/gh/extent-framework/extent-github-cdn@d6562a79075e061305ccfdb82f01e5e195e2d307/spark/js/spark-script.js"></script>
<script type="text/javascript"></script></body>
</html>